<?xml version="1.0" encoding="UTF-8"?>
<!-- Generated by org.testng.reporters.JUnitXMLReporter -->
<testsuite ignored="0" hostname="DESKTOP-TOAK80D" failures="1" tests="3" name="Test" time="0.162" errors="0" timestamp="2023-08-30T16:58:13 IST">
  <testcase classname="Runner.Greet" name="Test2" time="0.024">
    <failure type="java.lang.AssertionError" message="null">
      <![CDATA[java.lang.AssertionError: null
at Runner.Greet.Test2(Greet.java:17)
at java.base/java.util.ArrayList.forEach(ArrayList.java:1511)
... Removed 29 stack frames]]>
    </failure>
  </testcase> <!-- Test2 -->
  <testcase classname="Runner.Greet" name="Test1" time="0.003"/>
  <testcase classname="Runner.Greet" name="Test3" time="0.001">
    <skipped/>
  </testcase> <!-- Test3 -->
</testsuite> <!-- Test -->
